12/02/2017 04:01:52 PM Database is not found.
12/02/2017 04:01:52 PM Trying to create database.
12/02/2017 04:01:53 PM Database has been created successfully and is ready for work.
12/02/2017 04:01:53 PM Get user request 73431630.
12/02/2017 04:01:53 PM User 73431630 not found.
12/02/2017 04:01:57 PM Trying to open database.
12/02/2017 04:01:57 PM DB has been opened successfully and is ready for work.
12/02/2017 04:01:57 PM New user request.
12/02/2017 04:02:09 PM Trying to open database.
12/02/2017 04:02:09 PM DB has been opened successfully and is ready for work.
12/02/2017 04:02:09 PM New user request.
12/02/2017 04:02:09 PM UNIQUE constraint failed: Users.id
12/02/2017 04:31:53 PM ("operation=client_error, response=Response(url='http://tele2-hackday-2017.herokuapp.com/api/services/my-conversation', method='GET', body={'data': None, 'meta': {'message': 'Service by slug my-conversation not found', 'status': 'ERROR'}}, headers={'Date': 'Sat, 02 Dec 2017 13:31:53 GMT', 'Server': 'Jetty(9.0.6.v20130930)', 'Via': '1.1 vegur', 'Connection': 'keep-alive', 'Content-Type': 'application/json', 'Content-Length': '93'}, status_code=404, client_response=<Response [404]>)", Response(url='http://tele2-hackday-2017.herokuapp.com/api/services/my-conversation', method='GET', body={'data': None, 'meta': {'message': 'Service by slug my-conversation not found', 'status': 'ERROR'}}, headers={'Date': 'Sat, 02 Dec 2017 13:31:53 GMT', 'Server': 'Jetty(9.0.6.v20130930)', 'Via': '1.1 vegur', 'Connection': 'keep-alive', 'Content-Type': 'application/json', 'Content-Length': '93'}, status_code=404, client_response=<Response [404]>))
12/02/2017 04:32:01 PM ("operation=client_error, response=Response(url='http://tele2-hackday-2017.herokuapp.com/api/services/my-online', method='GET', body={'data': None, 'meta': {'message': 'Service by slug my-online not found', 'status': 'ERROR'}}, headers={'Date': 'Sat, 02 Dec 2017 13:32:01 GMT', 'Server': 'Jetty(9.0.6.v20130930)', 'Via': '1.1 vegur', 'Connection': 'keep-alive', 'Content-Type': 'application/json', 'Content-Length': '87'}, status_code=404, client_response=<Response [404]>)", Response(url='http://tele2-hackday-2017.herokuapp.com/api/services/my-online', method='GET', body={'data': None, 'meta': {'message': 'Service by slug my-online not found', 'status': 'ERROR'}}, headers={'Date': 'Sat, 02 Dec 2017 13:32:01 GMT', 'Server': 'Jetty(9.0.6.v20130930)', 'Via': '1.1 vegur', 'Connection': 'keep-alive', 'Content-Type': 'application/json', 'Content-Length': '87'}, status_code=404, client_response=<Response [404]>))
12/02/2017 04:32:07 PM ("operation=client_error, response=Response(url='http://tele2-hackday-2017.herokuapp.com/api/services/my-online-plus', method='GET', body={'data': None, 'meta': {'message': 'Service by slug my-online-plus not found', 'status': 'ERROR'}}, headers={'Date': 'Sat, 02 Dec 2017 13:32:06 GMT', 'Server': 'Jetty(9.0.6.v20130930)', 'Via': '1.1 vegur', 'Connection': 'keep-alive', 'Content-Type': 'application/json', 'Content-Length': '92'}, status_code=404, client_response=<Response [404]>)", Response(url='http://tele2-hackday-2017.herokuapp.com/api/services/my-online-plus', method='GET', body={'data': None, 'meta': {'message': 'Service by slug my-online-plus not found', 'status': 'ERROR'}}, headers={'Date': 'Sat, 02 Dec 2017 13:32:06 GMT', 'Server': 'Jetty(9.0.6.v20130930)', 'Via': '1.1 vegur', 'Connection': 'keep-alive', 'Content-Type': 'application/json', 'Content-Length': '92'}, status_code=404, client_response=<Response [404]>))
12/02/2017 04:33:23 PM ("operation=client_error, response=Response(url='http://tele2-hackday-2017.herokuapp.com/api/services/idu', method='GET', body={'meta': {'message': 'Service by slug idu not found', 'status': 'ERROR'}, 'data': None}, headers={'Server': 'Jetty(9.0.6.v20130930)', 'Via': '1.1 vegur', 'Content-Length': '81', 'Content-Type': 'application/json', 'Connection': 'keep-alive', 'Date': 'Sat, 02 Dec 2017 13:33:22 GMT'}, status_code=404, client_response=<Response [404]>)", Response(url='http://tele2-hackday-2017.herokuapp.com/api/services/idu', method='GET', body={'meta': {'message': 'Service by slug idu not found', 'status': 'ERROR'}, 'data': None}, headers={'Server': 'Jetty(9.0.6.v20130930)', 'Via': '1.1 vegur', 'Content-Length': '81', 'Content-Type': 'application/json', 'Connection': 'keep-alive', 'Date': 'Sat, 02 Dec 2017 13:33:22 GMT'}, status_code=404, client_response=<Response [404]>))
12/02/2017 04:34:23 PM ("operation=client_error, response=Response(url='http://tele2-hackday-2017.herokuapp.com/api/services/idu', method='GET', body={'data': None, 'meta': {'status': 'ERROR', 'message': 'Service by slug idu not found'}}, headers={'Via': '1.1 vegur', 'Server': 'Jetty(9.0.6.v20130930)', 'Content-Type': 'application/json', 'Content-Length': '81', 'Connection': 'keep-alive', 'Date': 'Sat, 02 Dec 2017 13:34:22 GMT'}, status_code=404, client_response=<Response [404]>)", Response(url='http://tele2-hackday-2017.herokuapp.com/api/services/idu', method='GET', body={'data': None, 'meta': {'status': 'ERROR', 'message': 'Service by slug idu not found'}}, headers={'Via': '1.1 vegur', 'Server': 'Jetty(9.0.6.v20130930)', 'Content-Type': 'application/json', 'Content-Length': '81', 'Connection': 'keep-alive', 'Date': 'Sat, 02 Dec 2017 13:34:22 GMT'}, status_code=404, client_response=<Response [404]>))
12/02/2017 04:35:26 PM Trying to open database.
12/02/2017 04:35:26 PM DB has been opened successfully and is ready for work.
12/02/2017 04:35:26 PM Get user request 101715094.
12/02/2017 04:35:26 PM User 101715094 not found.
12/02/2017 04:35:29 PM Trying to open database.
12/02/2017 04:35:29 PM DB has been opened successfully and is ready for work.
12/02/2017 04:35:29 PM New user request.
12/02/2017 04:38:18 PM ("operation=client_error, response=Response(url='http://tele2-hackday-2017.herokuapp.com/api/services/idu', method='GET', body={'data': None, 'meta': {'message': 'Service by slug idu not found', 'status': 'ERROR'}}, headers={'Content-Length': '81', 'Server': 'Jetty(9.0.6.v20130930)', 'Content-Type': 'application/json', 'Date': 'Sat, 02 Dec 2017 13:38:17 GMT', 'Via': '1.1 vegur', 'Connection': 'keep-alive'}, status_code=404, client_response=<Response [404]>)", Response(url='http://tele2-hackday-2017.herokuapp.com/api/services/idu', method='GET', body={'data': None, 'meta': {'message': 'Service by slug idu not found', 'status': 'ERROR'}}, headers={'Content-Length': '81', 'Server': 'Jetty(9.0.6.v20130930)', 'Content-Type': 'application/json', 'Date': 'Sat, 02 Dec 2017 13:38:17 GMT', 'Via': '1.1 vegur', 'Connection': 'keep-alive'}, status_code=404, client_response=<Response [404]>))
12/02/2017 04:39:03 PM 'connectionFee'
12/02/2017 05:16:34 PM Trying to open database.
12/02/2017 05:16:34 PM DB has been opened successfully and is ready for work.
12/02/2017 05:16:34 PM Get user request 73431630.
12/02/2017 05:17:21 PM Trying to open database.
12/02/2017 05:17:21 PM DB has been opened successfully and is ready for work.
12/02/2017 05:17:21 PM Get user request 73431630.
12/02/2017 05:17:55 PM Database is not found.
12/02/2017 05:17:55 PM Trying to create database.
12/02/2017 05:17:55 PM Database has been created successfully and is ready for work.
12/02/2017 05:17:55 PM Get user request 73431630.
12/02/2017 05:17:55 PM User 73431630 not found.
12/02/2017 05:18:12 PM Trying to open database.
12/02/2017 05:18:12 PM DB has been opened successfully and is ready for work.
12/02/2017 05:18:12 PM Get user request 73431630.
12/02/2017 05:18:12 PM User 73431630 not found.
12/02/2017 05:21:21 PM Trying to open database.
12/02/2017 05:21:21 PM DB has been opened successfully and is ready for work.
12/02/2017 05:21:21 PM Get user request 73431630.
12/02/2017 05:21:21 PM User 73431630 not found.
12/02/2017 05:21:27 PM Trying to open database.
12/02/2017 05:21:27 PM DB has been opened successfully and is ready for work.
12/02/2017 05:21:27 PM New user request.
12/02/2017 05:21:30 PM Trying to open database.
12/02/2017 05:21:30 PM DB has been opened successfully and is ready for work.
12/02/2017 05:21:30 PM Get user request 73431630.
12/02/2017 05:23:31 PM Trying to open database.
12/02/2017 05:23:31 PM DB has been opened successfully and is ready for work.
12/02/2017 05:23:31 PM Get user request 73431630.
12/02/2017 05:23:49 PM Trying to open database.
12/02/2017 05:23:49 PM DB has been opened successfully and is ready for work.
12/02/2017 05:23:49 PM Get user request 73431630.
12/02/2017 05:25:30 PM Trying to open database.
12/02/2017 05:25:30 PM DB has been opened successfully and is ready for work.
12/02/2017 05:25:30 PM Get user request 73431630.
12/02/2017 05:25:56 PM Trying to open database.
12/02/2017 05:25:56 PM DB has been opened successfully and is ready for work.
12/02/2017 05:25:56 PM Get user request 73431630.
12/02/2017 05:26:02 PM Trying to open database.
12/02/2017 05:26:02 PM DB has been opened successfully and is ready for work.
12/02/2017 05:26:02 PM Get user request 73431630.
12/02/2017 05:26:09 PM Trying to open database.
12/02/2017 05:26:09 PM DB has been opened successfully and is ready for work.
12/02/2017 05:26:09 PM Get user request 73431630.
12/02/2017 05:27:03 PM Trying to open database.
12/02/2017 05:27:03 PM DB has been opened successfully and is ready for work.
12/02/2017 05:27:03 PM Get user request 73431630.
12/02/2017 05:27:41 PM Trying to open database.
12/02/2017 05:27:41 PM DB has been opened successfully and is ready for work.
12/02/2017 05:27:41 PM Get user request 73431630.
12/02/2017 05:28:35 PM Trying to open database.
12/02/2017 05:28:35 PM DB has been opened successfully and is ready for work.
12/02/2017 05:28:35 PM Get user request 73431630.
12/02/2017 05:28:51 PM Trying to open database.
12/02/2017 05:28:51 PM DB has been opened successfully and is ready for work.
12/02/2017 05:28:51 PM Get user request 73431630.
12/02/2017 05:30:53 PM Trying to open database.
12/02/2017 05:30:53 PM DB has been opened successfully and is ready for work.
12/02/2017 05:30:53 PM Get user request 73431630.
12/02/2017 05:33:15 PM Trying to open database.
12/02/2017 05:33:15 PM DB has been opened successfully and is ready for work.
12/02/2017 05:33:15 PM Get user request 101715094.
12/02/2017 05:33:15 PM User 101715094 not found.
12/02/2017 05:33:15 PM Trying to open database.
12/02/2017 05:33:15 PM DB has been opened successfully and is ready for work.
12/02/2017 05:33:15 PM Get user request 101715094.
12/02/2017 05:33:15 PM User 101715094 not found.
12/02/2017 05:33:16 PM Trying to open database.
12/02/2017 05:33:16 PM DB has been opened successfully and is ready for work.
12/02/2017 05:33:16 PM Get user request 101715094.
12/02/2017 05:33:16 PM User 101715094 not found.
12/02/2017 05:33:16 PM Trying to open database.
12/02/2017 05:33:16 PM DB has been opened successfully and is ready for work.
12/02/2017 05:33:16 PM Get user request 101715094.
12/02/2017 05:33:16 PM User 101715094 not found.
12/02/2017 05:33:16 PM Trying to open database.
12/02/2017 05:33:16 PM DB has been opened successfully and is ready for work.
12/02/2017 05:33:16 PM Get user request 101715094.
12/02/2017 05:33:16 PM User 101715094 not found.
12/02/2017 05:33:16 PM Trying to open database.
12/02/2017 05:33:16 PM DB has been opened successfully and is ready for work.
12/02/2017 05:33:16 PM Get user request 73431630.
12/02/2017 05:33:22 PM Trying to open database.
12/02/2017 05:33:22 PM DB has been opened successfully and is ready for work.
12/02/2017 05:33:22 PM Get user request 101715094.
12/02/2017 05:33:22 PM User 101715094 not found.
12/02/2017 05:53:02 PM list indices must be integers or slices, not str
12/02/2017 06:04:04 PM Trying to open database.
12/02/2017 06:04:04 PM DB has been opened successfully and is ready for work.
12/02/2017 06:04:04 PM Get user request 73431630.
12/02/2017 06:04:48 PM Trying to open database.
12/02/2017 06:04:48 PM DB has been opened successfully and is ready for work.
12/02/2017 06:04:48 PM Get token user request 73431630.
12/02/2017 06:05:50 PM Trying to open database.
12/02/2017 06:05:50 PM DB has been opened successfully and is ready for work.
12/02/2017 06:05:50 PM Get token user request 73431630.
12/02/2017 06:09:59 PM Trying to open database.
12/02/2017 06:09:59 PM DB has been opened successfully and is ready for work.
12/02/2017 06:09:59 PM Get token user request 101715094.
12/02/2017 06:09:59 PM User 101715094 not found.
12/02/2017 06:10:23 PM Trying to open database.
12/02/2017 06:10:23 PM DB has been opened successfully and is ready for work.
12/02/2017 06:10:23 PM Get user request 73431630.
12/02/2017 06:10:29 PM Trying to open database.
12/02/2017 06:10:29 PM DB has been opened successfully and is ready for work.
12/02/2017 06:10:29 PM Get token user request 73431630.
12/02/2017 06:21:36 PM Trying to open database.
12/02/2017 06:21:36 PM DB has been opened successfully and is ready for work.
12/02/2017 06:21:36 PM Get user request 73431630.
12/02/2017 06:22:03 PM Trying to open database.
12/02/2017 06:22:03 PM DB has been opened successfully and is ready for work.
12/02/2017 06:22:03 PM Get token user request 73431630.
12/02/2017 06:22:07 PM Trying to open database.
12/02/2017 06:22:07 PM DB has been opened successfully and is ready for work.
12/02/2017 06:22:07 PM Get token user request 73431630.
12/02/2017 06:22:07 PM User 73431630 not found.
12/02/2017 06:24:49 PM Trying to open database.
12/02/2017 06:24:49 PM DB has been opened successfully and is ready for work.
12/02/2017 06:24:49 PM Get token user request 73431630.
12/02/2017 06:24:49 PM User 73431630 not found.
12/02/2017 06:25:01 PM Trying to open database.
12/02/2017 06:25:01 PM Trying to open database.
12/02/2017 06:25:01 PM DB has been opened successfully and is ready for work.
12/02/2017 06:25:01 PM DB has been opened successfully and is ready for work.
12/02/2017 06:25:01 PM Get token user request 73431630.
12/02/2017 06:25:01 PM Get token user request 73431630.
12/02/2017 06:25:01 PM User 73431630 not found.
12/02/2017 06:25:12 PM Trying to open database.
12/02/2017 06:25:12 PM DB has been opened successfully and is ready for work.
12/02/2017 06:25:12 PM Get token user request 73431630.
12/02/2017 06:25:17 PM Trying to open database.
12/02/2017 06:25:17 PM DB has been opened successfully and is ready for work.
12/02/2017 06:25:17 PM Get token user request 73431630.
12/02/2017 06:25:26 PM Trying to open database.
12/02/2017 06:25:26 PM DB has been opened successfully and is ready for work.
12/02/2017 06:25:26 PM Get token user request 73431630.
12/02/2017 06:25:28 PM Trying to open database.
12/02/2017 06:25:28 PM DB has been opened successfully and is ready for work.
12/02/2017 06:25:28 PM Get token user request 73431630.
12/02/2017 06:25:29 PM Trying to open database.
12/02/2017 06:25:29 PM DB has been opened successfully and is ready for work.
12/02/2017 06:25:29 PM Get token user request 73431630.
12/02/2017 06:25:30 PM Trying to open database.
12/02/2017 06:25:30 PM DB has been opened successfully and is ready for work.
12/02/2017 06:25:30 PM Get token user request 73431630.
12/02/2017 06:25:35 PM Trying to open database.
12/02/2017 06:25:35 PM DB has been opened successfully and is ready for work.
12/02/2017 06:25:35 PM Get token user request 73431630.
12/02/2017 06:27:45 PM Trying to open database.
12/02/2017 06:27:45 PM DB has been opened successfully and is ready for work.
12/02/2017 06:27:45 PM Get user request 73431630.
12/02/2017 06:29:51 PM Trying to open database.
12/02/2017 06:29:51 PM DB has been opened successfully and is ready for work.
12/02/2017 06:29:51 PM Get token user request 73431630.
12/02/2017 06:30:46 PM Trying to open database.
12/02/2017 06:30:46 PM DB has been opened successfully and is ready for work.
12/02/2017 06:30:46 PM Get token user request 73431630.
12/02/2017 06:31:07 PM Trying to open database.
12/02/2017 06:31:07 PM DB has been opened successfully and is ready for work.
12/02/2017 06:31:07 PM Get token user request 73431630.
12/02/2017 06:31:44 PM Trying to open database.
12/02/2017 06:31:44 PM DB has been opened successfully and is ready for work.
12/02/2017 06:31:44 PM Get token user request 73431630.
12/02/2017 06:31:57 PM Trying to open database.
12/02/2017 06:31:57 PM DB has been opened successfully and is ready for work.
12/02/2017 06:31:57 PM Get user request 73431630.
12/02/2017 06:32:01 PM Trying to open database.
12/02/2017 06:32:01 PM DB has been opened successfully and is ready for work.
12/02/2017 06:32:01 PM Get user request 73431630.
12/02/2017 06:32:04 PM Trying to open database.
12/02/2017 06:32:04 PM DB has been opened successfully and is ready for work.
12/02/2017 06:32:04 PM Get user request 73431630.
12/02/2017 06:32:09 PM Trying to open database.
12/02/2017 06:32:09 PM DB has been opened successfully and is ready for work.
12/02/2017 06:32:09 PM Get token user request 73431630.
12/02/2017 06:32:34 PM Trying to open database.
12/02/2017 06:32:34 PM DB has been opened successfully and is ready for work.
12/02/2017 06:32:34 PM Get token user request 73431630.
12/02/2017 06:37:34 PM Trying to open database.
12/02/2017 06:37:34 PM DB has been opened successfully and is ready for work.
12/02/2017 06:37:34 PM Get user request 73431630.
12/02/2017 06:37:42 PM Trying to open database.
12/02/2017 06:37:42 PM DB has been opened successfully and is ready for work.
12/02/2017 06:37:42 PM Get token user request 73431630.
12/02/2017 06:37:45 PM ("operation=client_error, response=Response(url='http://tele2-hackday-2017.herokuapp.com/api/services/79031000000', method='GET', body={'data': None, 'meta': {'status': 'ERROR', 'message': 'Service by slug 79031000000 not found'}}, headers={'Server': 'Jetty(9.0.6.v20130930)', 'Content-Length': '89', 'Via': '1.1 vegur', 'Date': 'Sat, 02 Dec 2017 15:37:44 GMT', 'Content-Type': 'application/json', 'Connection': 'keep-alive'}, status_code=404, client_response=<Response [404]>)", Response(url='http://tele2-hackday-2017.herokuapp.com/api/services/79031000000', method='GET', body={'data': None, 'meta': {'status': 'ERROR', 'message': 'Service by slug 79031000000 not found'}}, headers={'Server': 'Jetty(9.0.6.v20130930)', 'Content-Length': '89', 'Via': '1.1 vegur', 'Date': 'Sat, 02 Dec 2017 15:37:44 GMT', 'Content-Type': 'application/json', 'Connection': 'keep-alive'}, status_code=404, client_response=<Response [404]>))
12/02/2017 06:40:02 PM ("operation=client_error, response=Response(url='http://tele2-hackday-2017.herokuapp.com/api/services/79031000000', method='GET', body={'meta': {'status': 'ERROR', 'message': 'Service by slug 79031000000 not found'}, 'data': None}, headers={'Via': '1.1 vegur', 'Date': 'Sat, 02 Dec 2017 15:40:01 GMT', 'Content-Length': '89', 'Content-Type': 'application/json', 'Server': 'Jetty(9.0.6.v20130930)', 'Connection': 'keep-alive'}, status_code=404, client_response=<Response [404]>)", Response(url='http://tele2-hackday-2017.herokuapp.com/api/services/79031000000', method='GET', body={'meta': {'status': 'ERROR', 'message': 'Service by slug 79031000000 not found'}, 'data': None}, headers={'Via': '1.1 vegur', 'Date': 'Sat, 02 Dec 2017 15:40:01 GMT', 'Content-Length': '89', 'Content-Type': 'application/json', 'Server': 'Jetty(9.0.6.v20130930)', 'Connection': 'keep-alive'}, status_code=404, client_response=<Response [404]>))
12/02/2017 06:40:25 PM Trying to open database.
12/02/2017 06:40:25 PM DB has been opened successfully and is ready for work.
12/02/2017 06:40:25 PM Get token user request 73431630.
12/02/2017 06:42:08 PM Trying to open database.
12/02/2017 06:42:08 PM DB has been opened successfully and is ready for work.
12/02/2017 06:42:08 PM Get token user request 73431630.
12/02/2017 06:45:23 PM Trying to open database.
12/02/2017 06:45:23 PM DB has been opened successfully and is ready for work.
12/02/2017 06:45:23 PM Get user request 101715094.
12/02/2017 06:45:23 PM User 101715094 not found.
12/02/2017 06:45:38 PM Trying to open database.
12/02/2017 06:45:38 PM DB has been opened successfully and is ready for work.
12/02/2017 06:45:38 PM Get token user request 73431630.
12/02/2017 06:45:42 PM Trying to open database.
12/02/2017 06:45:42 PM DB has been opened successfully and is ready for work.
12/02/2017 06:45:42 PM Get token user request 73431630.
12/02/2017 07:03:36 PM Trying to open database.
12/02/2017 07:03:36 PM DB has been opened successfully and is ready for work.
12/02/2017 07:03:36 PM Get user request 73431630.
12/02/2017 07:04:00 PM Trying to open database.
12/02/2017 07:04:00 PM DB has been opened successfully and is ready for work.
12/02/2017 07:04:00 PM Get user request 101715094.
12/02/2017 07:04:00 PM User 101715094 not found.
12/02/2017 07:04:04 PM Trying to open database.
12/02/2017 07:04:04 PM DB has been opened successfully and is ready for work.
12/02/2017 07:04:04 PM Get user request 73431630.
12/02/2017 07:06:30 PM Trying to open database.
12/02/2017 07:06:30 PM DB has been opened successfully and is ready for work.
12/02/2017 07:06:30 PM Get user request 73431630.
12/02/2017 07:06:37 PM Trying to open database.
12/02/2017 07:06:37 PM DB has been opened successfully and is ready for work.
12/02/2017 07:06:37 PM Get user request 73431630.
